-2.000000000000000000e+00 2.501808078241138933e-01
-1.862068965517241326e+00 9.919728683858282103e-01
-1.724137931034482651e+00 7.751250150660775606e-01
-1.586206896551724199e+00 -5.495002068128385098e-01
-1.448275862068965525e+00 2.790748269548952720e-01
-1.310344827586206851e+00 2.202633305797940810e-01
-1.172413793103448398e+00 -1.293201237989181074e-01
-1.034482758620689724e+00 -3.444098063857881087e-02
-8.965517241379310498e-01 5.558100413116267013e-01
-7.586206896551723755e-01 1.654825497722833161e+00
-6.206896551724137012e-01 1.043404605546137232e+00
-4.827586206896552490e-01 1.471551969858522435e+00
-3.448275862068965747e-01 8.680705671852511074e-01
-2.068965517241379004e-01 1.257791647603285767e+00
-6.896551724137944817e-02 1.519419184825511193e+00
6.896551724137944817e-02 2.162727151090288125e+00
2.068965517241379004e-01 2.655537382110657596e+00
3.448275862068963526e-01 1.655482248304994464e+00
4.827586206896552490e-01 3.232769943054769168e+00
6.206896551724137012e-01 2.170194332148776883e+00
7.586206896551725976e-01 1.926537035168072842e+00
8.965517241379310498e-01 3.637780088929428501e+00
1.034482758620689502e+00 3.281622600802568623e+00
1.172413793103448398e+00 3.815472215986629223e+00
1.310344827586206851e+00 3.472408476524877941e+00
1.448275862068965303e+00 3.837259749853038748e+00
1.586206896551724199e+00 4.005921821672961514e+00
1.724137931034482651e+00 3.197062950046097640e+00
1.862068965517241104e+00 2.958811564933524263e+00
2.000000000000000000e+00 3.997245910617689191e+00
